Watching for file changes with StatReloader
Not Found: /
"GET / HTTP/1.1" 404 3363
Not Found: /
"GET / HTTP/1.1" 404 3363
Not Found: /v1/users
"GET /v1/users HTTP/1.1" 404 3405
Not Found: /v1/users/
"GET /v1/users/ HTTP/1.1" 404 10480
Not Found: /v1/users/
"GET /v1/users/ HTTP/1.1" 404 10480
Watching for file changes with StatReloader
Not Found: /
"GET / HTTP/1.1" 404 3363
Not Found: /
"GET / HTTP/1.1" 404 3363
"GET /admin/faculties HTTP/1.1" 302 0
"GET /admin/login/?next=/admin/faculties HTTP/1.1" 200 4199
"GET /static/admin/css/dark_mode.css HTTP/1.1" 200 2929
"GET /static/admin/css/nav_sidebar.css HTTP/1.1" 200 2694
"GET /static/admin/css/base.css HTTP/1.1" 200 21207
"GET /static/admin/css/login.css HTTP/1.1" 200 958
"GET /static/admin/css/responsive.css HTTP/1.1" 200 18533
"GET /static/admin/js/theme.js HTTP/1.1" 200 1943
"GET /static/admin/js/nav_sidebar.js HTTP/1.1" 200 3063
"GET /admin/ HTTP/1.1" 302 0
"GET /admin/login/?next=/admin/ HTTP/1.1" 200 4181
C:\Users\techa\Desktop\log\final_project\config\settings.py changed, reloading.
